2022-11-25 15:23:21.454 [main] INFO  com.atguigu.eduservice.EduApplication - The following profiles are active: dev
2022-11-25 15:23:22.449 [main] INFO  o.s.d.r.config.RepositoryConfigurationDelegate - Multiple Spring Data modules found, entering strict repository configuration mode!
2022-11-25 15:23:22.453 [main] INFO  o.s.d.r.config.RepositoryConfigurationDelegate - Bootstrapping Spring Data repositories in DEFAULT mode.
2022-11-25 15:23:22.485 [main] INFO  o.s.d.r.config.RepositoryConfigurationDelegate - Finished Spring Data repository scanning in 24ms. Found 0 repository interfaces.
2022-11-25 15:23:22.758 [main] INFO  o.springframework.cloud.context.scope.GenericScope - BeanFactory id=2cb59797-36da-3b1d-850d-3dcb0565ca26
2022-11-25 15:23:22.910 [main] INFO  o.s.c.s.PostProcessorRegistrationDelegate$BeanPostProcessorChecker - Bean 'org.springframework.transaction.annotation.ProxyTransactionManagementConfiguration' of type [org.springframework.transaction.annotation.ProxyTransactionManagementConfiguration] is not eligible for getting processed by all BeanPostProcessors (for example: not eligible for auto-proxying)
2022-11-25 15:23:22.938 [main] INFO  o.s.c.s.PostProcessorRegistrationDelegate$BeanPostProcessorChecker - Bean 'org.springframework.cloud.autoconfigure.ConfigurationPropertiesRebinderAutoConfiguration' of type [org.springframework.cloud.autoconfigure.ConfigurationPropertiesRebinderAutoConfiguration] is not eligible for getting processed by all BeanPostProcessors (for example: not eligible for auto-proxying)
2022-11-25 15:23:23.130 [main] INFO  o.s.boot.web.embedded.tomcat.TomcatWebServer - Tomcat initialized with port(s): 8001 (http)
2022-11-25 15:23:23.137 [main] INFO  org.apache.coyote.http11.Http11NioProtocol - Initializing ProtocolHandler ["http-nio-8001"]
2022-11-25 15:23:23.139 [main] INFO  org.apache.catalina.core.StandardService - Starting service [Tomcat]
2022-11-25 15:23:23.139 [main] INFO  org.apache.catalina.core.StandardEngine - Starting Servlet engine: [Apache Tomcat/9.0.27]
2022-11-25 15:23:23.232 [main] INFO  o.a.c.core.ContainerBase.[Tomcat].[localhost].[/] - Initializing Spring embedded WebApplicationContext
2022-11-25 15:23:23.232 [main] INFO  org.springframework.web.context.ContextLoader - Root WebApplicationContext: initialization completed in 1746 ms
2022-11-25 15:23:23.564 [main] INFO  com.zaxxer.hikari.HikariDataSource - HikariPool-1 - Starting...
2022-11-25 15:23:23.646 [main] INFO  com.zaxxer.hikari.HikariDataSource - HikariPool-1 - Start completed.
2022-11-25 15:23:24.659 [main] INFO  s.d.s.w.PropertySourcedRequestMappingHandlerMapping - Mapped URL path [/v2/api-docs] onto method [springfox.documentation.swagger2.web.Swagger2Controller#getDocumentation(String, HttpServletRequest)]
2022-11-25 15:23:24.684 [main] INFO  com.netflix.config.sources.URLConfigurationSource - To enable URLs as dynamic configuration sources, define System property archaius.configurationSource.additionalUrls or make config.properties available on classpath.
2022-11-25 15:23:24.689 [main] INFO  com.netflix.config.sources.URLConfigurationSource - To enable URLs as dynamic configuration sources, define System property archaius.configurationSource.additionalUrls or make config.properties available on classpath.
2022-11-25 15:23:24.817 [main] INFO  o.s.scheduling.concurrent.ThreadPoolTaskExecutor - Initializing ExecutorService 'applicationTaskExecutor'
2022-11-25 15:23:25.332 [main] INFO  o.s.scheduling.concurrent.ThreadPoolTaskScheduler - Initializing ExecutorService
2022-11-25 15:23:25.460 [main] INFO  s.d.s.web.plugins.DocumentationPluginsBootstrapper - Context refreshed
2022-11-25 15:23:25.499 [main] INFO  s.d.s.web.plugins.DocumentationPluginsBootstrapper - Found 1 custom documentation plugin(s)
2022-11-25 15:23:25.549 [main] INFO  s.d.spring.web.scanners.ApiListingReferenceScanner - Scanning for api listing references
2022-11-25 15:23:25.860 [main] INFO  org.apache.coyote.http11.Http11NioProtocol - Starting ProtocolHandler ["http-nio-8001"]
2022-11-25 15:23:25.916 [main] INFO  o.s.boot.web.embedded.tomcat.TomcatWebServer - Tomcat started on port(s): 8001 (http) with context path ''
2022-11-25 15:23:25.992 [main] INFO  com.atguigu.eduservice.EduApplication - Started EduApplication in 5.556 seconds (JVM running for 6.145)
2022-11-25 15:23:38.191 [SpringContextShutdownHook] INFO  o.s.c.alibaba.nacos.registry.NacosServiceRegistry - De-registering from Nacos Server now...
2022-11-25 15:23:38.195 [SpringContextShutdownHook] INFO  o.s.c.alibaba.nacos.registry.NacosServiceRegistry - De-registration finished.
2022-11-25 15:23:38.217 [SpringContextShutdownHook] INFO  o.s.scheduling.concurrent.ThreadPoolTaskExecutor - Shutting down ExecutorService 'applicationTaskExecutor'
2022-11-25 15:23:38.228 [SpringContextShutdownHook] INFO  com.zaxxer.hikari.HikariDataSource - HikariPool-1 - Shutdown initiated...
2022-11-25 15:23:38.236 [SpringContextShutdownHook] INFO  com.zaxxer.hikari.HikariDataSource - HikariPool-1 - Shutdown completed.
2022-11-25 15:24:20.029 [main] INFO  com.atguigu.eduservice.EduApplication - The following profiles are active: dev
2022-11-25 15:24:20.947 [main] INFO  o.s.d.r.config.RepositoryConfigurationDelegate - Multiple Spring Data modules found, entering strict repository configuration mode!
2022-11-25 15:24:20.949 [main] INFO  o.s.d.r.config.RepositoryConfigurationDelegate - Bootstrapping Spring Data repositories in DEFAULT mode.
2022-11-25 15:24:20.975 [main] INFO  o.s.d.r.config.RepositoryConfigurationDelegate - Finished Spring Data repository scanning in 18ms. Found 0 repository interfaces.
2022-11-25 15:24:21.240 [main] INFO  o.springframework.cloud.context.scope.GenericScope - BeanFactory id=2cb59797-36da-3b1d-850d-3dcb0565ca26
2022-11-25 15:24:21.356 [main] INFO  o.s.c.s.PostProcessorRegistrationDelegate$BeanPostProcessorChecker - Bean 'org.springframework.transaction.annotation.ProxyTransactionManagementConfiguration' of type [org.springframework.transaction.annotation.ProxyTransactionManagementConfiguration] is not eligible for getting processed by all BeanPostProcessors (for example: not eligible for auto-proxying)
2022-11-25 15:24:21.387 [main] INFO  o.s.c.s.PostProcessorRegistrationDelegate$BeanPostProcessorChecker - Bean 'org.springframework.cloud.autoconfigure.ConfigurationPropertiesRebinderAutoConfiguration' of type [org.springframework.cloud.autoconfigure.ConfigurationPropertiesRebinderAutoConfiguration] is not eligible for getting processed by all BeanPostProcessors (for example: not eligible for auto-proxying)
2022-11-25 15:24:21.555 [main] INFO  o.s.boot.web.embedded.tomcat.TomcatWebServer - Tomcat initialized with port(s): 8001 (http)
2022-11-25 15:24:21.561 [main] INFO  org.apache.coyote.http11.Http11NioProtocol - Initializing ProtocolHandler ["http-nio-8001"]
2022-11-25 15:24:21.561 [main] INFO  org.apache.catalina.core.StandardService - Starting service [Tomcat]
2022-11-25 15:24:21.562 [main] INFO  org.apache.catalina.core.StandardEngine - Starting Servlet engine: [Apache Tomcat/9.0.27]
2022-11-25 15:24:21.644 [main] INFO  o.a.c.core.ContainerBase.[Tomcat].[localhost].[/] - Initializing Spring embedded WebApplicationContext
2022-11-25 15:24:21.645 [main] INFO  org.springframework.web.context.ContextLoader - Root WebApplicationContext: initialization completed in 1583 ms
2022-11-25 15:24:21.972 [main] INFO  com.zaxxer.hikari.HikariDataSource - HikariPool-1 - Starting...
2022-11-25 15:24:22.056 [main] INFO  com.zaxxer.hikari.HikariDataSource - HikariPool-1 - Start completed.
2022-11-25 15:24:23.022 [main] INFO  s.d.s.w.PropertySourcedRequestMappingHandlerMapping - Mapped URL path [/v2/api-docs] onto method [springfox.documentation.swagger2.web.Swagger2Controller#getDocumentation(String, HttpServletRequest)]
2022-11-25 15:24:23.042 [main] INFO  com.netflix.config.sources.URLConfigurationSource - To enable URLs as dynamic configuration sources, define System property archaius.configurationSource.additionalUrls or make config.properties available on classpath.
2022-11-25 15:24:23.045 [main] INFO  com.netflix.config.sources.URLConfigurationSource - To enable URLs as dynamic configuration sources, define System property archaius.configurationSource.additionalUrls or make config.properties available on classpath.
2022-11-25 15:24:23.160 [main] INFO  o.s.scheduling.concurrent.ThreadPoolTaskExecutor - Initializing ExecutorService 'applicationTaskExecutor'
2022-11-25 15:24:23.643 [main] INFO  o.s.scheduling.concurrent.ThreadPoolTaskScheduler - Initializing ExecutorService
2022-11-25 15:24:23.759 [main] INFO  s.d.s.web.plugins.DocumentationPluginsBootstrapper - Context refreshed
2022-11-25 15:24:23.790 [main] INFO  s.d.s.web.plugins.DocumentationPluginsBootstrapper - Found 1 custom documentation plugin(s)
2022-11-25 15:24:23.838 [main] INFO  s.d.spring.web.scanners.ApiListingReferenceScanner - Scanning for api listing references
2022-11-25 15:24:24.174 [main] INFO  org.apache.coyote.http11.Http11NioProtocol - Starting ProtocolHandler ["http-nio-8001"]
2022-11-25 15:24:24.205 [main] INFO  o.s.boot.web.embedded.tomcat.TomcatWebServer - Tomcat started on port(s): 8001 (http) with context path ''
2022-11-25 15:24:24.289 [main] INFO  o.s.c.alibaba.nacos.registry.NacosServiceRegistry - nacos registry, service-edu 192.168.1.2:8001 register finished
2022-11-25 15:24:24.301 [main] INFO  com.atguigu.eduservice.EduApplication - Started EduApplication in 5.32 seconds (JVM running for 5.92)
2022-11-25 16:30:00.946 [http-nio-8001-exec-1] INFO  o.a.c.core.ContainerBase.[Tomcat].[localhost].[/] - Initializing Spring DispatcherServlet 'dispatcherServlet'
2022-11-25 16:30:00.948 [http-nio-8001-exec-1] INFO  org.springframework.web.servlet.DispatcherServlet - Initializing Servlet 'dispatcherServlet'
2022-11-25 16:30:00.969 [http-nio-8001-exec-1] INFO  org.springframework.web.servlet.DispatcherServlet - Completed initialization in 20 ms
2022-11-25 20:01:24.617 [SpringContextShutdownHook] INFO  o.s.c.alibaba.nacos.registry.NacosServiceRegistry - De-registering from Nacos Server now...
2022-11-25 20:01:24.625 [SpringContextShutdownHook] INFO  o.s.c.alibaba.nacos.registry.NacosServiceRegistry - De-registration finished.
2022-11-25 20:01:24.658 [SpringContextShutdownHook] INFO  o.s.scheduling.concurrent.ThreadPoolTaskExecutor - Shutting down ExecutorService 'applicationTaskExecutor'
2022-11-25 20:01:24.671 [SpringContextShutdownHook] INFO  com.zaxxer.hikari.HikariDataSource - HikariPool-1 - Shutdown initiated...
2022-11-25 20:01:24.681 [SpringContextShutdownHook] INFO  com.zaxxer.hikari.HikariDataSource - HikariPool-1 - Shutdown completed.
2022-11-25 20:01:35.466 [main] INFO  com.atguigu.eduservice.EduApplication - The following profiles are active: dev
2022-11-25 20:01:36.409 [main] INFO  o.s.d.r.config.RepositoryConfigurationDelegate - Multiple Spring Data modules found, entering strict repository configuration mode!
2022-11-25 20:01:36.411 [main] INFO  o.s.d.r.config.RepositoryConfigurationDelegate - Bootstrapping Spring Data repositories in DEFAULT mode.
2022-11-25 20:01:36.435 [main] INFO  o.s.d.r.config.RepositoryConfigurationDelegate - Finished Spring Data repository scanning in 16ms. Found 0 repository interfaces.
2022-11-25 20:01:36.705 [main] INFO  o.springframework.cloud.context.scope.GenericScope - BeanFactory id=eaa1053a-4958-35d7-8996-80b2c158d69e
2022-11-25 20:01:36.823 [main] INFO  o.s.c.s.PostProcessorRegistrationDelegate$BeanPostProcessorChecker - Bean 'org.springframework.transaction.annotation.ProxyTransactionManagementConfiguration' of type [org.springframework.transaction.annotation.ProxyTransactionManagementConfiguration] is not eligible for getting processed by all BeanPostProcessors (for example: not eligible for auto-proxying)
2022-11-25 20:01:36.852 [main] INFO  o.s.c.s.PostProcessorRegistrationDelegate$BeanPostProcessorChecker - Bean 'redisConfig' of type [com.atguigu.servicebase.RedisConfig$$EnhancerBySpringCGLIB$$af96292a] is not eligible for getting processed by all BeanPostProcessors (for example: not eligible for auto-proxying)
2022-11-25 20:01:36.882 [main] INFO  o.s.c.s.PostProcessorRegistrationDelegate$BeanPostProcessorChecker - Bean 'org.springframework.cloud.autoconfigure.ConfigurationPropertiesRebinderAutoConfiguration' of type [org.springframework.cloud.autoconfigure.ConfigurationPropertiesRebinderAutoConfiguration] is not eligible for getting processed by all BeanPostProcessors (for example: not eligible for auto-proxying)
2022-11-25 20:01:37.071 [main] INFO  o.s.boot.web.embedded.tomcat.TomcatWebServer - Tomcat initialized with port(s): 8001 (http)
2022-11-25 20:01:37.078 [main] INFO  org.apache.coyote.http11.Http11NioProtocol - Initializing ProtocolHandler ["http-nio-8001"]
2022-11-25 20:01:37.078 [main] INFO  org.apache.catalina.core.StandardService - Starting service [Tomcat]
2022-11-25 20:01:37.078 [main] INFO  org.apache.catalina.core.StandardEngine - Starting Servlet engine: [Apache Tomcat/9.0.27]
2022-11-25 20:01:37.159 [main] INFO  o.a.c.core.ContainerBase.[Tomcat].[localhost].[/] - Initializing Spring embedded WebApplicationContext
2022-11-25 20:01:37.160 [main] INFO  org.springframework.web.context.ContextLoader - Root WebApplicationContext: initialization completed in 1664 ms
2022-11-25 20:01:37.470 [main] INFO  com.zaxxer.hikari.HikariDataSource - HikariPool-1 - Starting...
2022-11-25 20:01:37.549 [main] INFO  com.zaxxer.hikari.HikariDataSource - HikariPool-1 - Start completed.
2022-11-25 20:01:38.617 [main] INFO  s.d.s.w.PropertySourcedRequestMappingHandlerMapping - Mapped URL path [/v2/api-docs] onto method [springfox.documentation.swagger2.web.Swagger2Controller#getDocumentation(String, HttpServletRequest)]
2022-11-25 20:01:38.637 [main] INFO  com.netflix.config.sources.URLConfigurationSource - To enable URLs as dynamic configuration sources, define System property archaius.configurationSource.additionalUrls or make config.properties available on classpath.
2022-11-25 20:01:38.640 [main] INFO  com.netflix.config.sources.URLConfigurationSource - To enable URLs as dynamic configuration sources, define System property archaius.configurationSource.additionalUrls or make config.properties available on classpath.
2022-11-25 20:01:38.762 [main] INFO  o.s.scheduling.concurrent.ThreadPoolTaskExecutor - Initializing ExecutorService 'applicationTaskExecutor'
2022-11-25 20:01:39.116 [main] INFO  o.s.scheduling.concurrent.ThreadPoolTaskScheduler - Initializing ExecutorService
2022-11-25 20:01:39.231 [main] INFO  s.d.s.web.plugins.DocumentationPluginsBootstrapper - Context refreshed
2022-11-25 20:01:39.255 [main] INFO  s.d.s.web.plugins.DocumentationPluginsBootstrapper - Found 1 custom documentation plugin(s)
2022-11-25 20:01:39.312 [main] INFO  s.d.spring.web.scanners.ApiListingReferenceScanner - Scanning for api listing references
2022-11-25 20:01:39.637 [main] INFO  org.apache.coyote.http11.Http11NioProtocol - Starting ProtocolHandler ["http-nio-8001"]
2022-11-25 20:01:39.666 [main] INFO  o.s.boot.web.embedded.tomcat.TomcatWebServer - Tomcat started on port(s): 8001 (http) with context path ''
2022-11-25 20:01:39.689 [main] INFO  o.s.c.alibaba.nacos.registry.NacosServiceRegistry - nacos registry, service-edu 192.168.1.2:8001 register finished
2022-11-25 20:01:39.699 [main] INFO  com.atguigu.eduservice.EduApplication - Started EduApplication in 5.205 seconds (JVM running for 5.786)
2022-11-25 20:01:43.478 [SpringContextShutdownHook] INFO  o.s.c.alibaba.nacos.registry.NacosServiceRegistry - De-registering from Nacos Server now...
2022-11-25 20:01:43.482 [SpringContextShutdownHook] INFO  o.s.c.alibaba.nacos.registry.NacosServiceRegistry - De-registration finished.
2022-11-25 20:01:43.483 [SpringContextShutdownHook] INFO  o.s.scheduling.concurrent.ThreadPoolTaskExecutor - Shutting down ExecutorService 'applicationTaskExecutor'
2022-11-25 20:01:43.513 [SpringContextShutdownHook] INFO  com.zaxxer.hikari.HikariDataSource - HikariPool-1 - Shutdown initiated...
2022-11-25 20:01:43.522 [SpringContextShutdownHook] INFO  com.zaxxer.hikari.HikariDataSource - HikariPool-1 - Shutdown completed.
2022-11-25 20:03:17.563 [main] INFO  com.atguigu.eduservice.EduApplication - The following profiles are active: dev
2022-11-25 20:03:18.454 [main] INFO  o.s.d.r.config.RepositoryConfigurationDelegate - Multiple Spring Data modules found, entering strict repository configuration mode!
2022-11-25 20:03:18.457 [main] INFO  o.s.d.r.config.RepositoryConfigurationDelegate - Bootstrapping Spring Data repositories in DEFAULT mode.
2022-11-25 20:03:18.486 [main] INFO  o.s.d.r.config.RepositoryConfigurationDelegate - Finished Spring Data repository scanning in 21ms. Found 0 repository interfaces.
2022-11-25 20:03:18.770 [main] INFO  o.springframework.cloud.context.scope.GenericScope - BeanFactory id=eaa1053a-4958-35d7-8996-80b2c158d69e
2022-11-25 20:03:18.903 [main] INFO  o.s.c.s.PostProcessorRegistrationDelegate$BeanPostProcessorChecker - Bean 'org.springframework.transaction.annotation.ProxyTransactionManagementConfiguration' of type [org.springframework.transaction.annotation.ProxyTransactionManagementConfiguration] is not eligible for getting processed by all BeanPostProcessors (for example: not eligible for auto-proxying)
2022-11-25 20:03:18.936 [main] INFO  o.s.c.s.PostProcessorRegistrationDelegate$BeanPostProcessorChecker - Bean 'redisConfig' of type [com.atguigu.servicebase.RedisConfig$$EnhancerBySpringCGLIB$$fdb2cb00] is not eligible for getting processed by all BeanPostProcessors (for example: not eligible for auto-proxying)
2022-11-25 20:03:18.972 [main] INFO  o.s.c.s.PostProcessorRegistrationDelegate$BeanPostProcessorChecker - Bean 'org.springframework.cloud.autoconfigure.ConfigurationPropertiesRebinderAutoConfiguration' of type [org.springframework.cloud.autoconfigure.ConfigurationPropertiesRebinderAutoConfiguration] is not eligible for getting processed by all BeanPostProcessors (for example: not eligible for auto-proxying)
2022-11-25 20:03:19.184 [main] INFO  o.s.boot.web.embedded.tomcat.TomcatWebServer - Tomcat initialized with port(s): 8001 (http)
2022-11-25 20:03:19.191 [main] INFO  org.apache.coyote.http11.Http11NioProtocol - Initializing ProtocolHandler ["http-nio-8001"]
2022-11-25 20:03:19.192 [main] INFO  org.apache.catalina.core.StandardService - Starting service [Tomcat]
2022-11-25 20:03:19.192 [main] INFO  org.apache.catalina.core.StandardEngine - Starting Servlet engine: [Apache Tomcat/9.0.27]
2022-11-25 20:03:19.285 [main] INFO  o.a.c.core.ContainerBase.[Tomcat].[localhost].[/] - Initializing Spring embedded WebApplicationContext
2022-11-25 20:03:19.286 [main] INFO  org.springframework.web.context.ContextLoader - Root WebApplicationContext: initialization completed in 1697 ms
2022-11-25 20:03:19.615 [main] INFO  com.zaxxer.hikari.HikariDataSource - HikariPool-1 - Starting...
2022-11-25 20:03:19.688 [main] INFO  com.zaxxer.hikari.HikariDataSource - HikariPool-1 - Start completed.
2022-11-25 20:03:20.782 [main] INFO  s.d.s.w.PropertySourcedRequestMappingHandlerMapping - Mapped URL path [/v2/api-docs] onto method [springfox.documentation.swagger2.web.Swagger2Controller#getDocumentation(String, HttpServletRequest)]
2022-11-25 20:03:20.800 [main] INFO  com.netflix.config.sources.URLConfigurationSource - To enable URLs as dynamic configuration sources, define System property archaius.configurationSource.additionalUrls or make config.properties available on classpath.
2022-11-25 20:03:20.802 [main] INFO  com.netflix.config.sources.URLConfigurationSource - To enable URLs as dynamic configuration sources, define System property archaius.configurationSource.additionalUrls or make config.properties available on classpath.
2022-11-25 20:03:20.922 [main] INFO  o.s.scheduling.concurrent.ThreadPoolTaskExecutor - Initializing ExecutorService 'applicationTaskExecutor'
2022-11-25 20:03:21.283 [main] INFO  o.s.scheduling.concurrent.ThreadPoolTaskScheduler - Initializing ExecutorService
2022-11-25 20:03:21.397 [main] INFO  s.d.s.web.plugins.DocumentationPluginsBootstrapper - Context refreshed
2022-11-25 20:03:21.427 [main] INFO  s.d.s.web.plugins.DocumentationPluginsBootstrapper - Found 1 custom documentation plugin(s)
2022-11-25 20:03:21.478 [main] INFO  s.d.spring.web.scanners.ApiListingReferenceScanner - Scanning for api listing references
2022-11-25 20:03:21.850 [main] INFO  org.apache.coyote.http11.Http11NioProtocol - Starting ProtocolHandler ["http-nio-8001"]
2022-11-25 20:03:21.882 [main] INFO  o.s.boot.web.embedded.tomcat.TomcatWebServer - Tomcat started on port(s): 8001 (http) with context path ''
2022-11-25 20:03:21.897 [main] INFO  o.s.c.alibaba.nacos.registry.NacosServiceRegistry - nacos registry, service-edu 192.168.1.2:8001 register finished
2022-11-25 20:03:21.908 [main] INFO  com.atguigu.eduservice.EduApplication - Started EduApplication in 5.243 seconds (JVM running for 5.835)
2022-11-25 20:03:55.672 [http-nio-8001-exec-1] INFO  o.a.c.core.ContainerBase.[Tomcat].[localhost].[/] - Initializing Spring DispatcherServlet 'dispatcherServlet'
2022-11-25 20:03:55.673 [http-nio-8001-exec-1] INFO  org.springframework.web.servlet.DispatcherServlet - Initializing Servlet 'dispatcherServlet'
2022-11-25 20:03:55.706 [http-nio-8001-exec-1] INFO  org.springframework.web.servlet.DispatcherServlet - Completed initialization in 33 ms
2022-11-25 20:03:55.901 [http-nio-8001-exec-1] INFO  io.lettuce.core.EpollProvider - Starting without optional epoll library
2022-11-25 20:03:55.903 [http-nio-8001-exec-1] INFO  io.lettuce.core.KqueueProvider - Starting without optional kqueue library
2022-11-25 20:06:17.954 [SpringContextShutdownHook] INFO  o.s.c.alibaba.nacos.registry.NacosServiceRegistry - De-registering from Nacos Server now...
2022-11-25 20:06:17.959 [SpringContextShutdownHook] INFO  o.s.c.alibaba.nacos.registry.NacosServiceRegistry - De-registration finished.
2022-11-25 20:06:17.960 [SpringContextShutdownHook] INFO  o.s.scheduling.concurrent.ThreadPoolTaskExecutor - Shutting down ExecutorService 'applicationTaskExecutor'
2022-11-25 20:06:18.126 [SpringContextShutdownHook] INFO  com.zaxxer.hikari.HikariDataSource - HikariPool-1 - Shutdown initiated...
2022-11-25 20:06:18.137 [SpringContextShutdownHook] INFO  com.zaxxer.hikari.HikariDataSource - HikariPool-1 - Shutdown completed.
