2022-11-30 14:59:33.646 [main] INFO  com.atguigu.eduservice.EduApplication - The following profiles are active: dev
2022-11-30 14:59:34.685 [main] INFO  o.s.d.r.config.RepositoryConfigurationDelegate - Multiple Spring Data modules found, entering strict repository configuration mode!
2022-11-30 14:59:34.689 [main] INFO  o.s.d.r.config.RepositoryConfigurationDelegate - Bootstrapping Spring Data repositories in DEFAULT mode.
2022-11-30 14:59:34.720 [main] INFO  o.s.d.r.config.RepositoryConfigurationDelegate - Finished Spring Data repository scanning in 20ms. Found 0 repository interfaces.
2022-11-30 14:59:35.033 [main] INFO  o.springframework.cloud.context.scope.GenericScope - BeanFactory id=b486d881-f079-3d3a-ba9c-9beb0c1d2b63
2022-11-30 14:59:35.161 [main] INFO  o.s.c.s.PostProcessorRegistrationDelegate$BeanPostProcessorChecker - Bean 'org.springframework.transaction.annotation.ProxyTransactionManagementConfiguration' of type [org.springframework.transaction.annotation.ProxyTransactionManagementConfiguration] is not eligible for getting processed by all BeanPostProcessors (for example: not eligible for auto-proxying)
2022-11-30 14:59:35.189 [main] INFO  o.s.c.s.PostProcessorRegistrationDelegate$BeanPostProcessorChecker - Bean 'redisConfig' of type [com.atguigu.servicebase.RedisConfig$$EnhancerBySpringCGLIB$$3fa7ed6c] is not eligible for getting processed by all BeanPostProcessors (for example: not eligible for auto-proxying)
2022-11-30 14:59:35.220 [main] INFO  o.s.c.s.PostProcessorRegistrationDelegate$BeanPostProcessorChecker - Bean 'org.springframework.cloud.autoconfigure.ConfigurationPropertiesRebinderAutoConfiguration' of type [org.springframework.cloud.autoconfigure.ConfigurationPropertiesRebinderAutoConfiguration] is not eligible for getting processed by all BeanPostProcessors (for example: not eligible for auto-proxying)
2022-11-30 14:59:35.459 [main] INFO  o.s.boot.web.embedded.tomcat.TomcatWebServer - Tomcat initialized with port(s): 8001 (http)
2022-11-30 14:59:35.466 [main] INFO  org.apache.coyote.http11.Http11NioProtocol - Initializing ProtocolHandler ["http-nio-8001"]
2022-11-30 14:59:35.466 [main] INFO  org.apache.catalina.core.StandardService - Starting service [Tomcat]
2022-11-30 14:59:35.466 [main] INFO  org.apache.catalina.core.StandardEngine - Starting Servlet engine: [Apache Tomcat/9.0.27]
2022-11-30 14:59:35.555 [main] INFO  o.a.c.core.ContainerBase.[Tomcat].[localhost].[/] - Initializing Spring embedded WebApplicationContext
2022-11-30 14:59:35.557 [main] INFO  org.springframework.web.context.ContextLoader - Root WebApplicationContext: initialization completed in 1878 ms
2022-11-30 14:59:35.901 [main] INFO  com.zaxxer.hikari.HikariDataSource - HikariPool-1 - Starting...
2022-11-30 14:59:35.993 [main] INFO  com.zaxxer.hikari.HikariDataSource - HikariPool-1 - Start completed.
2022-11-30 14:59:37.305 [main] INFO  s.d.s.w.PropertySourcedRequestMappingHandlerMapping - Mapped URL path [/v2/api-docs] onto method [springfox.documentation.swagger2.web.Swagger2Controller#getDocumentation(String, HttpServletRequest)]
2022-11-30 14:59:37.335 [main] INFO  com.netflix.config.sources.URLConfigurationSource - To enable URLs as dynamic configuration sources, define System property archaius.configurationSource.additionalUrls or make config.properties available on classpath.
2022-11-30 14:59:37.341 [main] INFO  com.netflix.config.sources.URLConfigurationSource - To enable URLs as dynamic configuration sources, define System property archaius.configurationSource.additionalUrls or make config.properties available on classpath.
2022-11-30 14:59:37.479 [main] INFO  o.s.scheduling.concurrent.ThreadPoolTaskExecutor - Initializing ExecutorService 'applicationTaskExecutor'
2022-11-30 14:59:37.890 [main] INFO  o.s.scheduling.concurrent.ThreadPoolTaskScheduler - Initializing ExecutorService
2022-11-30 14:59:38.057 [main] INFO  s.d.s.web.plugins.DocumentationPluginsBootstrapper - Context refreshed
2022-11-30 14:59:38.083 [main] INFO  s.d.s.web.plugins.DocumentationPluginsBootstrapper - Found 1 custom documentation plugin(s)
2022-11-30 14:59:38.119 [main] INFO  s.d.spring.web.scanners.ApiListingReferenceScanner - Scanning for api listing references
2022-11-30 14:59:38.519 [main] INFO  org.apache.coyote.http11.Http11NioProtocol - Starting ProtocolHandler ["http-nio-8001"]
2022-11-30 14:59:38.556 [main] INFO  o.s.boot.web.embedded.tomcat.TomcatWebServer - Tomcat started on port(s): 8001 (http) with context path ''
2022-11-30 14:59:38.637 [main] INFO  o.s.c.alibaba.nacos.registry.NacosServiceRegistry - nacos registry, service-edu 192.168.0.108:8001 register finished
2022-11-30 14:59:38.651 [main] INFO  com.atguigu.eduservice.EduApplication - Started EduApplication in 5.937 seconds (JVM running for 6.618)
2022-11-30 15:00:00.393 [http-nio-8001-exec-1] INFO  o.a.c.core.ContainerBase.[Tomcat].[localhost].[/] - Initializing Spring DispatcherServlet 'dispatcherServlet'
2022-11-30 15:00:00.394 [http-nio-8001-exec-1] INFO  org.springframework.web.servlet.DispatcherServlet - Initializing Servlet 'dispatcherServlet'
2022-11-30 15:00:00.421 [http-nio-8001-exec-1] INFO  org.springframework.web.servlet.DispatcherServlet - Completed initialization in 27 ms
2022-11-30 15:00:00.625 [http-nio-8001-exec-2] INFO  io.lettuce.core.EpollProvider - Starting without optional epoll library
2022-11-30 15:00:00.628 [http-nio-8001-exec-2] INFO  io.lettuce.core.KqueueProvider - Starting without optional kqueue library
2022-11-30 22:04:27.805 [SpringContextShutdownHook] INFO  o.s.c.alibaba.nacos.registry.NacosServiceRegistry - De-registering from Nacos Server now...
2022-11-30 22:04:27.811 [SpringContextShutdownHook] INFO  o.s.c.alibaba.nacos.registry.NacosServiceRegistry - De-registration finished.
2022-11-30 22:04:27.812 [SpringContextShutdownHook] INFO  o.s.scheduling.concurrent.ThreadPoolTaskExecutor - Shutting down ExecutorService 'applicationTaskExecutor'
2022-11-30 22:04:27.971 [SpringContextShutdownHook] INFO  com.zaxxer.hikari.HikariDataSource - HikariPool-1 - Shutdown initiated...
2022-11-30 22:04:27.989 [SpringContextShutdownHook] INFO  com.zaxxer.hikari.HikariDataSource - HikariPool-1 - Shutdown completed.
2022-11-30 22:04:37.566 [main] INFO  com.atguigu.eduservice.EduApplication - The following profiles are active: dev
2022-11-30 22:04:38.482 [main] INFO  o.s.d.r.config.RepositoryConfigurationDelegate - Multiple Spring Data modules found, entering strict repository configuration mode!
2022-11-30 22:04:38.484 [main] INFO  o.s.d.r.config.RepositoryConfigurationDelegate - Bootstrapping Spring Data repositories in DEFAULT mode.
2022-11-30 22:04:38.516 [main] INFO  o.s.d.r.config.RepositoryConfigurationDelegate - Finished Spring Data repository scanning in 22ms. Found 0 repository interfaces.
2022-11-30 22:04:38.818 [main] INFO  o.springframework.cloud.context.scope.GenericScope - BeanFactory id=b486d881-f079-3d3a-ba9c-9beb0c1d2b63
2022-11-30 22:04:38.957 [main] INFO  o.s.c.s.PostProcessorRegistrationDelegate$BeanPostProcessorChecker - Bean 'org.springframework.transaction.annotation.ProxyTransactionManagementConfiguration' of type [org.springframework.transaction.annotation.ProxyTransactionManagementConfiguration] is not eligible for getting processed by all BeanPostProcessors (for example: not eligible for auto-proxying)
2022-11-30 22:04:38.991 [main] INFO  o.s.c.s.PostProcessorRegistrationDelegate$BeanPostProcessorChecker - Bean 'redisConfig' of type [com.atguigu.servicebase.RedisConfig$$EnhancerBySpringCGLIB$$94d0c0e2] is not eligible for getting processed by all BeanPostProcessors (for example: not eligible for auto-proxying)
2022-11-30 22:04:39.025 [main] INFO  o.s.c.s.PostProcessorRegistrationDelegate$BeanPostProcessorChecker - Bean 'org.springframework.cloud.autoconfigure.ConfigurationPropertiesRebinderAutoConfiguration' of type [org.springframework.cloud.autoconfigure.ConfigurationPropertiesRebinderAutoConfiguration] is not eligible for getting processed by all BeanPostProcessors (for example: not eligible for auto-proxying)
2022-11-30 22:04:39.238 [main] INFO  o.s.boot.web.embedded.tomcat.TomcatWebServer - Tomcat initialized with port(s): 8001 (http)
2022-11-30 22:04:39.245 [main] INFO  org.apache.coyote.http11.Http11NioProtocol - Initializing ProtocolHandler ["http-nio-8001"]
2022-11-30 22:04:39.246 [main] INFO  org.apache.catalina.core.StandardService - Starting service [Tomcat]
2022-11-30 22:04:39.246 [main] INFO  org.apache.catalina.core.StandardEngine - Starting Servlet engine: [Apache Tomcat/9.0.27]
2022-11-30 22:04:39.341 [main] INFO  o.a.c.core.ContainerBase.[Tomcat].[localhost].[/] - Initializing Spring embedded WebApplicationContext
2022-11-30 22:04:39.343 [main] INFO  org.springframework.web.context.ContextLoader - Root WebApplicationContext: initialization completed in 1745 ms
2022-11-30 22:04:39.693 [main] INFO  com.zaxxer.hikari.HikariDataSource - HikariPool-1 - Starting...
2022-11-30 22:04:39.776 [main] INFO  com.zaxxer.hikari.HikariDataSource - HikariPool-1 - Start completed.
2022-11-30 22:04:40.899 [main] INFO  s.d.s.w.PropertySourcedRequestMappingHandlerMapping - Mapped URL path [/v2/api-docs] onto method [springfox.documentation.swagger2.web.Swagger2Controller#getDocumentation(String, HttpServletRequest)]
2022-11-30 22:04:40.918 [main] INFO  com.netflix.config.sources.URLConfigurationSource - To enable URLs as dynamic configuration sources, define System property archaius.configurationSource.additionalUrls or make config.properties available on classpath.
2022-11-30 22:04:40.920 [main] INFO  com.netflix.config.sources.URLConfigurationSource - To enable URLs as dynamic configuration sources, define System property archaius.configurationSource.additionalUrls or make config.properties available on classpath.
2022-11-30 22:04:41.048 [main] INFO  o.s.scheduling.concurrent.ThreadPoolTaskExecutor - Initializing ExecutorService 'applicationTaskExecutor'
2022-11-30 22:04:41.403 [main] INFO  o.s.scheduling.concurrent.ThreadPoolTaskScheduler - Initializing ExecutorService
2022-11-30 22:04:41.522 [main] INFO  s.d.s.web.plugins.DocumentationPluginsBootstrapper - Context refreshed
2022-11-30 22:04:41.552 [main] INFO  s.d.s.web.plugins.DocumentationPluginsBootstrapper - Found 1 custom documentation plugin(s)
2022-11-30 22:04:41.602 [main] INFO  s.d.spring.web.scanners.ApiListingReferenceScanner - Scanning for api listing references
2022-11-30 22:04:41.940 [main] INFO  org.apache.coyote.http11.Http11NioProtocol - Starting ProtocolHandler ["http-nio-8001"]
2022-11-30 22:04:41.975 [main] INFO  o.s.boot.web.embedded.tomcat.TomcatWebServer - Tomcat started on port(s): 8001 (http) with context path ''
2022-11-30 22:04:41.991 [main] INFO  o.s.c.alibaba.nacos.registry.NacosServiceRegistry - nacos registry, service-edu 192.168.1.2:8001 register finished
2022-11-30 22:04:42.004 [main] INFO  com.atguigu.eduservice.EduApplication - Started EduApplication in 5.342 seconds (JVM running for 5.971)
2022-11-30 22:05:36.627 [http-nio-8001-exec-1] INFO  o.a.c.core.ContainerBase.[Tomcat].[localhost].[/] - Initializing Spring DispatcherServlet 'dispatcherServlet'
2022-11-30 22:05:36.629 [http-nio-8001-exec-1] INFO  org.springframework.web.servlet.DispatcherServlet - Initializing Servlet 'dispatcherServlet'
2022-11-30 22:05:36.654 [http-nio-8001-exec-1] INFO  org.springframework.web.servlet.DispatcherServlet - Completed initialization in 25 ms
2022-11-30 22:07:39.921 [http-nio-8001-exec-2] INFO  io.lettuce.core.EpollProvider - Starting without optional epoll library
2022-11-30 22:07:39.923 [http-nio-8001-exec-2] INFO  io.lettuce.core.KqueueProvider - Starting without optional kqueue library
2022-11-30 22:50:35.449 [SpringContextShutdownHook] INFO  o.s.c.alibaba.nacos.registry.NacosServiceRegistry - De-registering from Nacos Server now...
2022-11-30 22:50:35.466 [SpringContextShutdownHook] INFO  o.s.c.alibaba.nacos.registry.NacosServiceRegistry - De-registration finished.
2022-11-30 22:50:35.467 [SpringContextShutdownHook] INFO  o.s.scheduling.concurrent.ThreadPoolTaskExecutor - Shutting down ExecutorService 'applicationTaskExecutor'
2022-11-30 22:50:35.630 [SpringContextShutdownHook] INFO  com.zaxxer.hikari.HikariDataSource - HikariPool-1 - Shutdown initiated...
2022-11-30 22:50:35.640 [SpringContextShutdownHook] INFO  com.zaxxer.hikari.HikariDataSource - HikariPool-1 - Shutdown completed.
